Arguments: 
  /Users/ryanwaits/.nvm/versions/node/v12.13.0/bin/node /usr/local/Cellar/yarn/1.22.11/libexec/bin/yarn.js add save-svg-as-png

PATH: 
  /Users/ryanwaits/.rvm/gems/ruby-2.7.1/bin:/Users/ryanwaits/.rvm/gems/ruby-2.7.1@global/bin:/Users/ryanwaits/.rvm/rubies/ruby-2.7.1/bin:/usr/local/sbin:/Users/ryanwaits/.radicle/bin:/Users/ryanwaits/.nvm/versions/node/v12.13.0/bin:/Users/ryanwaits/.radicle/bin:/usr/local/bin:/usr/bin:/bin:/usr/sbin:/sbin:/Users/ryanwaits/.rvm/gems/ruby-2.7.1/bin:/Users/ryanwaits/.rvm/gems/ruby-2.7.1@global/bin:/Users/ryanwaits/.rvm/rubies/ruby-2.7.1/bin:/usr/local/sbin:/Users/ryanwaits/.radicle/bin:/Users/ryanwaits/.nvm/versions/node/v12.13.0/bin:/Users/ryanwaits/.cargo/bin:/Users/ryanwaits/.rvm/bin:/Users/ryanwaits/.rvm/bin:/Users/ryanwaits/.rvm/bin

Yarn version: 
  1.22.11

Node version: 
  12.13.0

Platform: 
  darwin x64

Trace: 
  SyntaxError: /Users/ryanwaits/Code/projects/stacks/citypools-miami/packages/image-generator/package.json: Unexpected end of JSON input
      at JSON.parse (<anonymous>)
      at /usr/local/Cellar/yarn/1.22.11/libexec/lib/cli.js:1625:59
      at Generator.next (<anonymous>)
      at step (/usr/local/Cellar/yarn/1.22.11/libexec/lib/cli.js:310:30)
      at /usr/local/Cellar/yarn/1.22.11/libexec/lib/cli.js:321:13

npm manifest: 
  

yarn manifest: 
  No manifest

Lockfile: 
  No lockfile
